# JRE version: OpenJDK Runtime Environment (17.0.6) (build 17.0.6+0-b2043.56-9586694)
# Java VM: OpenJDK 64-Bit Server VM (17.0.6+0-b2043.56-9586694, mixed mode, tiered, compressed oops, compressed class ptrs, g1 gc, windows-amd64)
GC Precious Log:
 CPUs: 12 total, 12 available
 Memory: 16147M
 Large Page Support: Disabled
 NUMA Support: Disabled
 Compressed Oops: Enabled (32-bit)
 Heap Region Size: 1M
 Heap Min Capacity: 8M
 Heap Initial Capacity: 254M
 Heap Max Capacity: 2G
 Pre-touch: Disabled
 Parallel Workers: 10
 Concurrent Workers: 3
 Concurrent Refinement Workers: 10
 Periodic GC: Disabled
Heap:
 garbage-first heap   total 309248K, used 212992K [0x0000000080000000, 0x0000000100000000)
  region size 1024K, 7 young (7168K), 7 survivors (7168K)
 Metaspace       used 116595K, committed 117248K, reserved 1155072K
  class space    used 15909K, committed 16192K, reserved 1048576K
GC Heap History (20 events):
Event: 10.353 GC heap after
{Heap after GC invocations=50 (full 0):
 garbage-first heap   total 233472K, used 118101K [0x0000000080000000, 0x0000000100000000)
  region size 1024K, 2 young (2048K), 2 survivors (2048K)
 Metaspace       used 111100K, committed 111808K, reserved 1146880K
  class space    used 15221K, committed 15552K, reserved 1048576K
}
Event: 10.669 GC heap before
{Heap before GC invocations=50 (full 0):
 garbage-first heap   total 233472K, used 201045K [0x0000000080000000, 0x0000000100000000)
  region size 1024K, 83 young (84992K), 2 survivors (2048K)
 Metaspace       used 111750K, committed 112448K, reserved 1146880K
  class space    used 15291K, committed 15616K, reserved 1048576K
}
Event: 10.672 GC heap after
{Heap after GC invocations=51 (full 0):
 garbage-first heap   total 233472K, used 122840K [0x0000000080000000, 0x0000000100000000)
  region size 1024K, 6 young (6144K), 6 survivors (6144K)
 Metaspace       used 111750K, committed 112448K, reserved 1146880K
  class space    used 15291K, committed 15616K, reserved 1048576K
}
Event: 10.797 GC heap before
{Heap before GC invocations=51 (full 0):
 garbage-first heap   total 233472K, used 198616K [0x0000000080000000, 0x0000000100000000)
  region size 1024K, 81 young (82944K), 6 survivors (6144K)
 Metaspace       used 112054K, committed 112768K, reserved 1146880K
  class space    used 15315K, committed 15616K, reserved 1048576K
}
Event: 10.799 GC heap after
{Heap after GC invocations=52 (full 0):
 garbage-first heap   total 233472K, used 122648K [0x0000000080000000, 0x0000000100000000)
  region size 1024K, 6 young (6144K), 6 survivors (6144K)
 Metaspace       used 112054K, committed 112768K, reserved 1146880K
  class space    used 15315K, committed 15616K, reserved 1048576K
}
Event: 10.990 GC heap before
{Heap before GC invocations=52 (full 0):
 garbage-first heap   total 233472K, used 200472K [0x0000000080000000, 0x0000000100000000)
  region size 1024K, 82 young (83968K), 6 survivors (6144K)
 Metaspace       used 112111K, committed 112832K, reserved 1146880K
  class space    used 15318K, committed 15616K, reserved 1048576K
}
Event: 10.993 GC heap after
{Heap after GC invocations=53 (full 0):
 garbage-first heap   total 233472K, used 123063K [0x0000000080000000, 0x0000000100000000)
  region size 1024K, 6 young (6144K), 6 survivors (6144K)
 Metaspace       used 112111K, committed 112832K, reserved 1146880K
  class space    used 15318K, committed 15616K, reserved 1048576K
}
Event: 11.180 GC heap before
{Heap before GC invocations=53 (full 0):
 garbage-first heap   total 233472K, used 201911K [0x0000000080000000, 0x0000000100000000)
  region size 1024K, 83 young (84992K), 6 survivors (6144K)
 Metaspace       used 112170K, committed 112832K, reserved 1146880K
  class space    used 15328K, committed 15616K, reserved 1048576K
}
Event: 11.184 GC heap after
{Heap after GC invocations=54 (full 0):
 garbage-first heap   total 233472K, used 123408K [0x0000000080000000, 0x0000000100000000)
  region size 1024K, 7 young (7168K), 7 survivors (7168K)
 Metaspace       used 112170K, committed 112832K, reserved 1146880K
  class space    used 15328K, committed 15616K, reserved 1048576K
}
Event: 11.490 GC heap before
{Heap before GC invocations=54 (full 0):
 garbage-first heap   total 233472K, used 192016K [0x0000000080000000, 0x0000000100000000)
  region size 1024K, 70 young (71680K), 7 survivors (7168K)
 Metaspace       used 113146K, committed 113792K, reserved 1146880K
  class space    used 15447K, committed 15744K, reserved 1048576K
}
Event: 11.495 GC heap after
{Heap after GC invocations=55 (full 0):
 garbage-first heap   total 233472K, used 129797K [0x0000000080000000, 0x0000000100000000)
  region size 1024K, 7 young (7168K), 7 survivors (7168K)
 Metaspace       used 113146K, committed 113792K, reserved 1146880K
  class space    used 15447K, committed 15744K, reserved 1048576K
}
Event: 11.563 GC heap before
{Heap before GC invocations=55 (full 0):
 garbage-first heap   total 233472K, used 146181K [0x0000000080000000, 0x0000000100000000)
  region size 1024K, 18 young (18432K), 7 survivors (7168K)
 Metaspace       used 114155K, committed 114816K, reserved 1155072K
  class space    used 15576K, committed 15872K, reserved 1048576K
}
Event: 11.567 GC heap after
{Heap after GC invocations=56 (full 0):
 garbage-first heap   total 233472K, used 141100K [0x0000000080000000, 0x0000000100000000)
  region size 1024K, 8 young (8192K), 8 survivors (8192K)
 Metaspace       used 114155K, committed 114816K, reserved 1155072K
  class space    used 15576K, committed 15872K, reserved 1048576K
}
Event: 11.735 GC heap before
{Heap before GC invocations=57 (full 0):
 garbage-first heap   total 309248K, used 205612K [0x0000000080000000, 0x0000000100000000)
  region size 1024K, 48 young (49152K), 8 survivors (8192K)
 Metaspace       used 115233K, committed 115904K, reserved 1155072K
  class space    used 15700K, committed 16000K, reserved 1048576K
}
Event: 11.743 GC heap after
{Heap after GC invocations=58 (full 0):
 garbage-first heap   total 309248K, used 167471K [0x0000000080000000, 0x0000000100000000)
  region size 1024K, 6 young (6144K), 6 survivors (6144K)
 Metaspace       used 115233K, committed 115904K, reserved 1155072K
  class space    used 15700K, committed 16000K, reserved 1048576K
}
Event: 11.770 GC heap before
{Heap before GC invocations=58 (full 0):
 garbage-first heap   total 309248K, used 175663K [0x0000000080000000, 0x0000000100000000)
  region size 1024K, 15 young (15360K), 6 survivors (6144K)
 Metaspace       used 115418K, committed 116032K, reserved 1155072K
  class space    used 15723K, committed 16000K, reserved 1048576K
}
Event: 11.774 GC heap after
{Heap after GC invocations=59 (full 0):
 garbage-first heap   total 309248K, used 167757K [0x0000000080000000, 0x0000000100000000)
  region size 1024K, 2 young (2048K), 2 survivors (2048K)
 Metaspace       used 115418K, committed 116032K, reserved 1155072K
  class space    used 15723K, committed 16000K, reserved 1048576K
}
Event: 11.932 GC heap before
{Heap before GC invocations=59 (full 0):
 garbage-first heap   total 309248K, used 230221K [0x0000000080000000, 0x0000000100000000)
  region size 1024K, 62 young (63488K), 2 survivors (2048K)
 Metaspace       used 116347K, committed 116992K, reserved 1155072K
  class space    used 15886K, committed 16192K, reserved 1048576K
}
Event: 11.945 GC heap after
{Heap after GC invocations=60 (full 0):
 garbage-first heap   total 309248K, used 188728K [0x0000000080000000, 0x0000000100000000)
  region size 1024K, 8 young (8192K), 8 survivors (8192K)
 Metaspace       used 116347K, committed 116992K, reserved 1155072K
  class space    used 15886K, committed 16192K, reserved 1048576K
}
Event: 12.015 GC heap before
{Heap before GC invocations=60 (full 0):
 garbage-first heap   total 309248K, used 236856K [0x0000000080000000, 0x0000000100000000)
  region size 1024K, 56 young (57344K), 8 survivors (8192K)
 Metaspace       used 116595K, committed 117248K, reserved 1155072K
  class space    used 15909K, committed 16192K, reserved 1048576K
}

