# JRE version: OpenJDK Runtime Environment (17.0.6) (build 17.0.6+0-b2043.56-9586694)
# Java VM: OpenJDK 64-Bit Server VM (17.0.6+0-b2043.56-9586694, mixed mode, tiered, compressed oops, compressed class ptrs, g1 gc, windows-amd64)
GC Precious Log:
 CPUs: 12 total, 12 available
 Memory: 16147M
 Large Page Support: Disabled
 NUMA Support: Disabled
 Compressed Oops: Enabled (32-bit)
 Heap Region Size: 1M
 Heap Min Capacity: 8M
 Heap Initial Capacity: 254M
 Heap Max Capacity: 2G
 Pre-touch: Disabled
 Parallel Workers: 10
 Concurrent Workers: 3
 Concurrent Refinement Workers: 10
 Periodic GC: Disabled
Heap:
 garbage-first heap   total 273408K, used 212992K [0x0000000080000000, 0x0000000100000000)
  region size 1024K, 4 young (4096K), 4 survivors (4096K)
 Metaspace       used 106579K, committed 107264K, reserved 1146880K
  class space    used 14716K, committed 15040K, reserved 1048576K
GC Heap History (20 events):
Event: 7.650 GC heap after
{Heap after GC invocations=36 (full 0):
 garbage-first heap   total 176128K, used 91531K [0x0000000080000000, 0x0000000100000000)
  region size 1024K, 5 young (5120K), 5 survivors (5120K)
 Metaspace       used 91919K, committed 92544K, reserved 1130496K
  class space    used 12541K, committed 12864K, reserved 1048576K
}
Event: 7.665 GC heap before
{Heap before GC invocations=36 (full 0):
 garbage-first heap   total 176128K, used 93579K [0x0000000080000000, 0x0000000100000000)
  region size 1024K, 8 young (8192K), 5 survivors (5120K)
 Metaspace       used 91965K, committed 92608K, reserved 1130496K
  class space    used 12543K, committed 12864K, reserved 1048576K
}
Event: 7.667 GC heap after
{Heap after GC invocations=37 (full 0):
 garbage-first heap   total 176128K, used 92193K [0x0000000080000000, 0x0000000100000000)
  region size 1024K, 1 young (1024K), 1 survivors (1024K)
 Metaspace       used 91965K, committed 92608K, reserved 1130496K
  class space    used 12543K, committed 12864K, reserved 1048576K
}
Event: 7.891 GC heap before
{Heap before GC invocations=37 (full 0):
 garbage-first heap   total 176128K, used 140321K [0x0000000080000000, 0x0000000100000000)
  region size 1024K, 49 young (50176K), 1 survivors (1024K)
 Metaspace       used 92504K, committed 93120K, reserved 1130496K
  class space    used 12601K, committed 12928K, reserved 1048576K
}
Event: 7.894 GC heap after
{Heap after GC invocations=38 (full 0):
 garbage-first heap   total 211968K, used 95378K [0x0000000080000000, 0x0000000100000000)
  region size 1024K, 5 young (5120K), 5 survivors (5120K)
 Metaspace       used 92504K, committed 93120K, reserved 1130496K
  class space    used 12601K, committed 12928K, reserved 1048576K
}
Event: 8.263 GC heap before
{Heap before GC invocations=38 (full 0):
 garbage-first heap   total 211968K, used 161938K [0x0000000080000000, 0x0000000100000000)
  region size 1024K, 71 young (72704K), 5 survivors (5120K)
 Metaspace       used 96568K, committed 97152K, reserved 1138688K
  class space    used 13156K, committed 13440K, reserved 1048576K
}
Event: 8.267 GC heap after
{Heap after GC invocations=39 (full 0):
 garbage-first heap   total 211968K, used 99683K [0x0000000080000000, 0x0000000100000000)
  region size 1024K, 9 young (9216K), 9 survivors (9216K)
 Metaspace       used 96568K, committed 97152K, reserved 1138688K
  class space    used 13156K, committed 13440K, reserved 1048576K
}
Event: 8.711 GC heap before
{Heap before GC invocations=39 (full 0):
 garbage-first heap   total 211968K, used 167267K [0x0000000080000000, 0x0000000100000000)
  region size 1024K, 76 young (77824K), 9 survivors (9216K)
 Metaspace       used 99979K, committed 100608K, reserved 1138688K
  class space    used 13637K, committed 13952K, reserved 1048576K
}
Event: 8.717 GC heap after
{Heap after GC invocations=40 (full 0):
 garbage-first heap   total 211968K, used 104804K [0x0000000080000000, 0x0000000100000000)
  region size 1024K, 10 young (10240K), 10 survivors (10240K)
 Metaspace       used 99979K, committed 100608K, reserved 1138688K
  class space    used 13637K, committed 13952K, reserved 1048576K
}
Event: 9.059 GC heap before
{Heap before GC invocations=40 (full 0):
 garbage-first heap   total 211968K, used 176484K [0x0000000080000000, 0x0000000100000000)
  region size 1024K, 68 young (69632K), 10 survivors (10240K)
 Metaspace       used 103850K, committed 104448K, reserved 1146880K
  class space    used 14135K, committed 14400K, reserved 1048576K
}
Event: 9.064 GC heap after
{Heap after GC invocations=41 (full 0):
 garbage-first heap   total 211968K, used 125596K [0x0000000080000000, 0x0000000100000000)
  region size 1024K, 10 young (10240K), 10 survivors (10240K)
 Metaspace       used 103850K, committed 104448K, reserved 1146880K
  class space    used 14135K, committed 14400K, reserved 1048576K
}
Event: 9.339 GC heap before
{Heap before GC invocations=42 (full 0):
 garbage-first heap   total 273408K, used 198300K [0x0000000080000000, 0x0000000100000000)
  region size 1024K, 59 young (60416K), 10 survivors (10240K)
 Metaspace       used 104155K, committed 104768K, reserved 1146880K
  class space    used 14179K, committed 14464K, reserved 1048576K
}
Event: 9.351 GC heap after
{Heap after GC invocations=43 (full 0):
 garbage-first heap   total 273408K, used 155207K [0x0000000080000000, 0x0000000100000000)
  region size 1024K, 8 young (8192K), 8 survivors (8192K)
 Metaspace       used 104155K, committed 104768K, reserved 1146880K
  class space    used 14179K, committed 14464K, reserved 1048576K
}
Event: 9.370 GC heap before
{Heap before GC invocations=43 (full 0):
 garbage-first heap   total 273408K, used 161351K [0x0000000080000000, 0x0000000100000000)
  region size 1024K, 13 young (13312K), 8 survivors (8192K)
 Metaspace       used 104155K, committed 104768K, reserved 1146880K
  class space    used 14179K, committed 14464K, reserved 1048576K
}
Event: 9.375 GC heap after
{Heap after GC invocations=44 (full 0):
 garbage-first heap   total 273408K, used 158720K [0x0000000080000000, 0x0000000100000000)
  region size 1024K, 2 young (2048K), 2 survivors (2048K)
 Metaspace       used 104155K, committed 104768K, reserved 1146880K
  class space    used 14179K, committed 14464K, reserved 1048576K
}
Event: 9.565 GC heap before
{Heap before GC invocations=44 (full 0):
 garbage-first heap   total 273408K, used 214016K [0x0000000080000000, 0x0000000100000000)
  region size 1024K, 56 young (57344K), 2 survivors (2048K)
 Metaspace       used 106537K, committed 107264K, reserved 1146880K
  class space    used 14716K, committed 15040K, reserved 1048576K
}
Event: 9.578 GC heap after
{Heap after GC invocations=45 (full 0):
 garbage-first heap   total 273408K, used 182272K [0x0000000080000000, 0x0000000100000000)
  region size 1024K, 7 young (7168K), 7 survivors (7168K)
 Metaspace       used 106537K, committed 107264K, reserved 1146880K
  class space    used 14716K, committed 15040K, reserved 1048576K
}
Event: 9.635 GC heap before
{Heap before GC invocations=45 (full 0):
 garbage-first heap   total 273408K, used 216064K [0x0000000080000000, 0x0000000100000000)
  region size 1024K, 41 young (41984K), 7 survivors (7168K)
 Metaspace       used 106577K, committed 107264K, reserved 1146880K
  class space    used 14716K, committed 15040K, reserved 1048576K
}
Event: 9.648 GC heap after
{Heap after GC invocations=46 (full 0):
 garbage-first heap   total 273408K, used 200999K [0x0000000080000000, 0x0000000100000000)
  region size 1024K, 6 young (6144K), 6 survivors (6144K)
 Metaspace       used 106577K, committed 107264K, reserved 1146880K
  class space    used 14716K, committed 15040K, reserved 1048576K
}
Event: 9.684 GC heap before
{Heap before GC invocations=46 (full 0):
 garbage-first heap   total 273408K, used 222503K [0x0000000080000000, 0x0000000100000000)
  region size 1024K, 27 young (27648K), 6 survivors (6144K)
 Metaspace       used 106579K, committed 107264K, reserved 1146880K
  class space    used 14716K, committed 15040K, reserved 1048576K
}

