# JRE version: OpenJDK Runtime Environment (17.0.6) (build 17.0.6+0-b2043.56-9586694)
# Java VM: OpenJDK 64-Bit Server VM (17.0.6+0-b2043.56-9586694, mixed mode, tiered, compressed oops, compressed class ptrs, g1 gc, windows-amd64)
GC Precious Log:
 CPUs: 12 total, 12 available
 Memory: 16147M
 Large Page Support: Disabled
 NUMA Support: Disabled
 Compressed Oops: Enabled (32-bit)
 Heap Region Size: 1M
 Heap Min Capacity: 8M
 Heap Initial Capacity: 254M
 Heap Max Capacity: 2G
 Pre-touch: Disabled
 Parallel Workers: 10
 Concurrent Workers: 3
 Concurrent Refinement Workers: 10
 Periodic GC: Disabled
Heap:
 garbage-first heap   total 121856K, used 77199K [0x0000000080000000, 0x0000000100000000)
  region size 1024K, 17 young (17408K), 3 survivors (3072K)
 Metaspace       used 70728K, committed 71232K, reserved 1114112K
  class space    used 9299K, committed 9536K, reserved 1048576K
GC Heap History (20 events):
Event: 6.502 GC heap before
{Heap before GC invocations=20 (full 0):
 garbage-first heap   total 89088K, used 61763K [0x0000000080000000, 0x0000000100000000)
  region size 1024K, 15 young (15360K), 3 survivors (3072K)
 Metaspace       used 50309K, committed 50816K, reserved 1097728K
  class space    used 6622K, committed 6848K, reserved 1048576K
}
Event: 6.504 GC heap after
{Heap after GC invocations=21 (full 0):
 garbage-first heap   total 89088K, used 51526K [0x0000000080000000, 0x0000000100000000)
  region size 1024K, 2 young (2048K), 2 survivors (2048K)
 Metaspace       used 50309K, committed 50816K, reserved 1097728K
  class space    used 6622K, committed 6848K, reserved 1048576K
}
Event: 6.643 GC heap before
{Heap before GC invocations=21 (full 0):
 garbage-first heap   total 89088K, used 62790K [0x0000000080000000, 0x0000000100000000)
  region size 1024K, 14 young (14336K), 2 survivors (2048K)
 Metaspace       used 52142K, committed 52544K, reserved 1097728K
  class space    used 6848K, committed 7040K, reserved 1048576K
}
Event: 6.646 GC heap after
{Heap after GC invocations=22 (full 0):
 garbage-first heap   total 89088K, used 52078K [0x0000000080000000, 0x0000000100000000)
  region size 1024K, 1 young (1024K), 1 survivors (1024K)
 Metaspace       used 52142K, committed 52544K, reserved 1097728K
  class space    used 6848K, committed 7040K, reserved 1048576K
}
Event: 6.899 GC heap before
{Heap before GC invocations=23 (full 0):
 garbage-first heap   total 94208K, used 65390K [0x0000000080000000, 0x0000000100000000)
  region size 1024K, 14 young (14336K), 1 survivors (1024K)
 Metaspace       used 54555K, committed 55040K, reserved 1097728K
  class space    used 7184K, committed 7424K, reserved 1048576K
}
Event: 6.901 GC heap after
{Heap after GC invocations=24 (full 0):
 garbage-first heap   total 94208K, used 52605K [0x0000000080000000, 0x0000000100000000)
  region size 1024K, 2 young (2048K), 2 survivors (2048K)
 Metaspace       used 54555K, committed 55040K, reserved 1097728K
  class space    used 7184K, committed 7424K, reserved 1048576K
}
Event: 7.322 GC heap before
{Heap before GC invocations=24 (full 0):
 garbage-first heap   total 94208K, used 67965K [0x0000000080000000, 0x0000000100000000)
  region size 1024K, 17 young (17408K), 2 survivors (2048K)
 Metaspace       used 57456K, committed 57984K, reserved 1105920K
  class space    used 7507K, committed 7744K, reserved 1048576K
}
Event: 7.327 GC heap after
{Heap after GC invocations=25 (full 0):
 garbage-first heap   total 94208K, used 53177K [0x0000000080000000, 0x0000000100000000)
  region size 1024K, 2 young (2048K), 2 survivors (2048K)
 Metaspace       used 57456K, committed 57984K, reserved 1105920K
  class space    used 7507K, committed 7744K, reserved 1048576K
}
Event: 7.810 GC heap before
{Heap before GC invocations=26 (full 0):
 garbage-first heap   total 94208K, used 70585K [0x0000000080000000, 0x0000000100000000)
  region size 1024K, 19 young (19456K), 2 survivors (2048K)
 Metaspace       used 61244K, committed 61632K, reserved 1105920K
  class space    used 8010K, committed 8192K, reserved 1048576K
}
Event: 7.812 GC heap after
{Heap after GC invocations=27 (full 0):
 garbage-first heap   total 94208K, used 54632K [0x0000000080000000, 0x0000000100000000)
  region size 1024K, 3 young (3072K), 3 survivors (3072K)
 Metaspace       used 61244K, committed 61632K, reserved 1105920K
  class space    used 8010K, committed 8192K, reserved 1048576K
}
Event: 7.994 GC heap before
{Heap before GC invocations=27 (full 0):
 garbage-first heap   total 94208K, used 71016K [0x0000000080000000, 0x0000000100000000)
  region size 1024K, 20 young (20480K), 3 survivors (3072K)
 Metaspace       used 62629K, committed 63104K, reserved 1105920K
  class space    used 8184K, committed 8384K, reserved 1048576K
}
Event: 7.999 GC heap after
{Heap after GC invocations=28 (full 0):
 garbage-first heap   total 94208K, used 56662K [0x0000000080000000, 0x0000000100000000)
  region size 1024K, 3 young (3072K), 3 survivors (3072K)
 Metaspace       used 62629K, committed 63104K, reserved 1105920K
  class space    used 8184K, committed 8384K, reserved 1048576K
}
Event: 8.230 GC heap before
{Heap before GC invocations=29 (full 0):
 garbage-first heap   total 101376K, used 73046K [0x0000000080000000, 0x0000000100000000)
  region size 1024K, 19 young (19456K), 3 survivors (3072K)
 Metaspace       used 64148K, committed 64640K, reserved 1105920K
  class space    used 8369K, committed 8576K, reserved 1048576K
}
Event: 8.233 GC heap after
{Heap after GC invocations=30 (full 0):
 garbage-first heap   total 101376K, used 58091K [0x0000000080000000, 0x0000000100000000)
  region size 1024K, 2 young (2048K), 2 survivors (2048K)
 Metaspace       used 64148K, committed 64640K, reserved 1105920K
  class space    used 8369K, committed 8576K, reserved 1048576K
}
Event: 8.302 GC heap before
{Heap before GC invocations=30 (full 0):
 garbage-first heap   total 101376K, used 62187K [0x0000000080000000, 0x0000000100000000)
  region size 1024K, 7 young (7168K), 2 survivors (2048K)
 Metaspace       used 64655K, committed 65152K, reserved 1105920K
  class space    used 8416K, committed 8640K, reserved 1048576K
}
Event: 8.304 GC heap after
{Heap after GC invocations=31 (full 0):
 garbage-first heap   total 121856K, used 58574K [0x0000000080000000, 0x0000000100000000)
  region size 1024K, 2 young (2048K), 2 survivors (2048K)
 Metaspace       used 64655K, committed 65152K, reserved 1105920K
  class space    used 8416K, committed 8640K, reserved 1048576K
}
Event: 8.796 GC heap before
{Heap before GC invocations=32 (full 0):
 garbage-first heap   total 121856K, used 93390K [0x0000000080000000, 0x0000000100000000)
  region size 1024K, 35 young (35840K), 2 survivors (2048K)
 Metaspace       used 67752K, committed 68288K, reserved 1114112K
  class space    used 8836K, committed 9088K, reserved 1048576K
}
Event: 8.799 GC heap after
{Heap after GC invocations=33 (full 0):
 garbage-first heap   total 121856K, used 60944K [0x0000000080000000, 0x0000000100000000)
  region size 1024K, 5 young (5120K), 5 survivors (5120K)
 Metaspace       used 67752K, committed 68288K, reserved 1114112K
  class space    used 8836K, committed 9088K, reserved 1048576K
}
Event: 9.100 GC heap before
{Heap before GC invocations=33 (full 0):
 garbage-first heap   total 121856K, used 93712K [0x0000000080000000, 0x0000000100000000)
  region size 1024K, 37 young (37888K), 5 survivors (5120K)
 Metaspace       used 69147K, committed 69696K, reserved 1114112K
  class space    used 9009K, committed 9280K, reserved 1048576K
}
Event: 9.104 GC heap after
{Heap after GC invocations=34 (full 0):
 garbage-first heap   total 121856K, used 63887K [0x0000000080000000, 0x0000000100000000)
  region size 1024K, 3 young (3072K), 3 survivors (3072K)
 Metaspace       used 69147K, committed 69696K, reserved 1114112K
  class space    used 9009K, committed 9280K, reserved 1048576K
}

