# JRE version: OpenJDK Runtime Environment (17.0.6) (build 17.0.6+0-b2043.56-9586694)
# Java VM: OpenJDK 64-Bit Server VM (17.0.6+0-b2043.56-9586694, mixed mode, tiered, compressed oops, compressed class ptrs, g1 gc, windows-amd64)
GC Precious Log:
 CPUs: 12 total, 12 available
 Memory: 16147M
 Large Page Support: Disabled
 NUMA Support: Disabled
 Compressed Oops: Enabled (32-bit)
 Heap Region Size: 1M
 Heap Min Capacity: 8M
 Heap Initial Capacity: 254M
 Heap Max Capacity: 2G
 Pre-touch: Disabled
 Parallel Workers: 10
 Concurrent Workers: 3
 Concurrent Refinement Workers: 10
 Periodic GC: Disabled
Heap:
 garbage-first heap   total 260096K, used 119869K [0x0000000080000000, 0x0000000100000000)
  region size 1024K, 3 young (3072K), 3 survivors (3072K)
 Metaspace       used 99755K, committed 100416K, reserved 1138688K
  class space    used 13435K, committed 13760K, reserved 1048576K
GC Heap History (20 events):
Event: 10.139 GC heap after
{Heap after GC invocations=29 (full 0):
 garbage-first heap   total 135168K, used 74476K [0x0000000080000000, 0x0000000100000000)
  region size 1024K, 6 young (6144K), 6 survivors (6144K)
 Metaspace       used 83003K, committed 83520K, reserved 1122304K
  class space    used 11147K, committed 11392K, reserved 1048576K
}
Event: 10.376 GC heap before
{Heap before GC invocations=30 (full 0):
 garbage-first heap   total 135168K, used 110316K [0x0000000080000000, 0x0000000100000000)
  region size 1024K, 41 young (41984K), 6 survivors (6144K)
 Metaspace       used 83174K, committed 83776K, reserved 1122304K
  class space    used 11181K, committed 11456K, reserved 1048576K
}
Event: 10.384 GC heap after
{Heap after GC invocations=31 (full 0):
 garbage-first heap   total 135168K, used 80896K [0x0000000080000000, 0x0000000100000000)
  region size 1024K, 6 young (6144K), 6 survivors (6144K)
 Metaspace       used 83174K, committed 83776K, reserved 1122304K
  class space    used 11181K, committed 11456K, reserved 1048576K
}
Event: 11.857 GC heap before
{Heap before GC invocations=31 (full 0):
 garbage-first heap   total 135168K, used 109568K [0x0000000080000000, 0x0000000100000000)
  region size 1024K, 35 young (35840K), 6 survivors (6144K)
 Metaspace       used 89858K, committed 90496K, reserved 1130496K
  class space    used 12132K, committed 12416K, reserved 1048576K
}
Event: 11.865 GC heap after
{Heap after GC invocations=32 (full 0):
 garbage-first heap   total 135168K, used 85348K [0x0000000080000000, 0x0000000100000000)
  region size 1024K, 5 young (5120K), 5 survivors (5120K)
 Metaspace       used 89858K, committed 90496K, reserved 1130496K
  class space    used 12132K, committed 12416K, reserved 1048576K
}
Event: 12.299 GC heap before
{Heap before GC invocations=33 (full 0):
 garbage-first heap   total 147456K, used 109924K [0x0000000080000000, 0x0000000100000000)
  region size 1024K, 29 young (29696K), 5 survivors (5120K)
 Metaspace       used 91466K, committed 92096K, reserved 1130496K
  class space    used 12510K, committed 12800K, reserved 1048576K
}
Event: 12.304 GC heap after
{Heap after GC invocations=34 (full 0):
 garbage-first heap   total 147456K, used 87731K [0x0000000080000000, 0x0000000100000000)
  region size 1024K, 3 young (3072K), 3 survivors (3072K)
 Metaspace       used 91466K, committed 92096K, reserved 1130496K
  class space    used 12510K, committed 12800K, reserved 1048576K
}
Event: 12.444 GC heap before
{Heap before GC invocations=34 (full 0):
 garbage-first heap   total 147456K, used 119475K [0x0000000080000000, 0x0000000100000000)
  region size 1024K, 35 young (35840K), 3 survivors (3072K)
 Metaspace       used 91637K, committed 92224K, reserved 1130496K
  class space    used 12520K, committed 12800K, reserved 1048576K
}
Event: 12.448 GC heap after
{Heap after GC invocations=35 (full 0):
 garbage-first heap   total 177152K, used 89391K [0x0000000080000000, 0x0000000100000000)
  region size 1024K, 5 young (5120K), 5 survivors (5120K)
 Metaspace       used 91637K, committed 92224K, reserved 1130496K
  class space    used 12520K, committed 12800K, reserved 1048576K
}
Event: 12.889 GC heap before
{Heap before GC invocations=36 (full 0):
 garbage-first heap   total 177152K, used 144687K [0x0000000080000000, 0x0000000100000000)
  region size 1024K, 58 young (59392K), 5 survivors (5120K)
 Metaspace       used 93102K, committed 93696K, reserved 1130496K
  class space    used 12639K, committed 12928K, reserved 1048576K
}
Event: 12.896 GC heap after
{Heap after GC invocations=37 (full 0):
 garbage-first heap   total 177152K, used 99918K [0x0000000080000000, 0x0000000100000000)
  region size 1024K, 8 young (8192K), 8 survivors (8192K)
 Metaspace       used 93102K, committed 93696K, reserved 1130496K
  class space    used 12639K, committed 12928K, reserved 1048576K
}
Event: 12.906 GC heap before
{Heap before GC invocations=37 (full 0):
 garbage-first heap   total 177152K, used 99918K [0x0000000080000000, 0x0000000100000000)
  region size 1024K, 9 young (9216K), 8 survivors (8192K)
 Metaspace       used 93125K, committed 93696K, reserved 1130496K
  class space    used 12640K, committed 12928K, reserved 1048576K
}
Event: 12.912 GC heap after
{Heap after GC invocations=38 (full 0):
 garbage-first heap   total 177152K, used 99096K [0x0000000080000000, 0x0000000100000000)
  region size 1024K, 2 young (2048K), 2 survivors (2048K)
 Metaspace       used 93125K, committed 93696K, reserved 1130496K
  class space    used 12640K, committed 12928K, reserved 1048576K
}
Event: 13.394 GC heap before
{Heap before GC invocations=38 (full 0):
 garbage-first heap   total 177152K, used 141080K [0x0000000080000000, 0x0000000100000000)
  region size 1024K, 43 young (44032K), 2 survivors (2048K)
 Metaspace       used 96256K, committed 96896K, reserved 1138688K
  class space    used 13046K, committed 13376K, reserved 1048576K
}
Event: 13.401 GC heap after
{Heap after GC invocations=39 (full 0):
 garbage-first heap   total 177152K, used 111616K [0x0000000080000000, 0x0000000100000000)
  region size 1024K, 6 young (6144K), 6 survivors (6144K)
 Metaspace       used 96256K, committed 96896K, reserved 1138688K
  class space    used 13046K, committed 13376K, reserved 1048576K
}
Event: 13.755 GC heap before
{Heap before GC invocations=40 (full 0):
 garbage-first heap   total 196608K, used 156672K [0x0000000080000000, 0x0000000100000000)
  region size 1024K, 34 young (34816K), 6 survivors (6144K)
 Metaspace       used 98952K, committed 99520K, reserved 1138688K
  class space    used 13340K, committed 13632K, reserved 1048576K
}
Event: 13.763 GC heap after
{Heap after GC invocations=41 (full 0):
 garbage-first heap   total 196608K, used 117306K [0x0000000080000000, 0x0000000100000000)
  region size 1024K, 5 young (5120K), 5 survivors (5120K)
 Metaspace       used 98952K, committed 99520K, reserved 1138688K
  class space    used 13340K, committed 13632K, reserved 1048576K
}
Event: 13.775 GC heap before
{Heap before GC invocations=41 (full 0):
 garbage-first heap   total 196608K, used 120378K [0x0000000080000000, 0x0000000100000000)
  region size 1024K, 9 young (9216K), 5 survivors (5120K)
 Metaspace       used 99147K, committed 99840K, reserved 1138688K
  class space    used 13364K, committed 13696K, reserved 1048576K
}
Event: 13.780 GC heap after
{Heap after GC invocations=42 (full 0):
 garbage-first heap   total 196608K, used 118337K [0x0000000080000000, 0x0000000100000000)
  region size 1024K, 1 young (1024K), 1 survivors (1024K)
 Metaspace       used 99147K, committed 99840K, reserved 1138688K
  class space    used 13364K, committed 13696K, reserved 1048576K
}
Event: 13.955 GC heap before
{Heap before GC invocations=42 (full 0):
 garbage-first heap   total 196608K, used 151105K [0x0000000080000000, 0x0000000100000000)
  region size 1024K, 34 young (34816K), 1 survivors (1024K)
 Metaspace       used 99755K, committed 100416K, reserved 1138688K
  class space    used 13435K, committed 13760K, reserved 1048576K
}

