# JRE version: OpenJDK Runtime Environment (17.0.6) (build 17.0.6+0-b2043.56-9586694)
# Java VM: OpenJDK 64-Bit Server VM (17.0.6+0-b2043.56-9586694, mixed mode, tiered, compressed oops, compressed class ptrs, g1 gc, windows-amd64)
GC Precious Log:
 CPUs: 12 total, 12 available
 Memory: 16147M
 Large Page Support: Disabled
 NUMA Support: Disabled
 Compressed Oops: Enabled (32-bit)
 Heap Region Size: 1M
 Heap Min Capacity: 8M
 Heap Initial Capacity: 254M
 Heap Max Capacity: 2G
 Pre-touch: Disabled
 Parallel Workers: 10
 Concurrent Workers: 3
 Concurrent Refinement Workers: 10
 Periodic GC: Disabled
Heap:
 garbage-first heap   total 296960K, used 158988K [0x0000000080000000, 0x0000000100000000)
  region size 1024K, 2 young (2048K), 2 survivors (2048K)
 Metaspace       used 126812K, committed 127488K, reserved 1163264K
  class space    used 17038K, committed 17344K, reserved 1048576K
GC Heap History (20 events):
Event: 8.542 GC heap after
{Heap after GC invocations=42 (full 0):
 garbage-first heap   total 296960K, used 115347K [0x0000000080000000, 0x0000000100000000)
  region size 1024K, 5 young (5120K), 5 survivors (5120K)
 Metaspace       used 94152K, committed 94720K, reserved 1138688K
  class space    used 12718K, committed 12992K, reserved 1048576K
}
Event: 9.368 GC heap before
{Heap before GC invocations=43 (full 0):
 garbage-first heap   total 296960K, used 218771K [0x0000000080000000, 0x0000000100000000)
  region size 1024K, 98 young (100352K), 5 survivors (5120K)
 Metaspace       used 101079K, committed 101760K, reserved 1138688K
  class space    used 13490K, committed 13824K, reserved 1048576K
}
Event: 9.376 GC heap after
{Heap after GC invocations=44 (full 0):
 garbage-first heap   total 296960K, used 127756K [0x0000000080000000, 0x0000000100000000)
  region size 1024K, 13 young (13312K), 13 survivors (13312K)
 Metaspace       used 101079K, committed 101760K, reserved 1138688K
  class space    used 13490K, committed 13824K, reserved 1048576K
}
Event: 9.378 GC heap before
{Heap before GC invocations=44 (full 0):
 garbage-first heap   total 296960K, used 128780K [0x0000000080000000, 0x0000000100000000)
  region size 1024K, 14 young (14336K), 13 survivors (13312K)
 Metaspace       used 101080K, committed 101760K, reserved 1138688K
  class space    used 13490K, committed 13824K, reserved 1048576K
}
Event: 9.383 GC heap after
{Heap after GC invocations=45 (full 0):
 garbage-first heap   total 296960K, used 127660K [0x0000000080000000, 0x0000000100000000)
  region size 1024K, 1 young (1024K), 1 survivors (1024K)
 Metaspace       used 101080K, committed 101760K, reserved 1138688K
  class space    used 13490K, committed 13824K, reserved 1048576K
}
Event: 9.738 GC heap before
{Heap before GC invocations=45 (full 0):
 garbage-first heap   total 296960K, used 235180K [0x0000000080000000, 0x0000000100000000)
  region size 1024K, 90 young (92160K), 1 survivors (1024K)
 Metaspace       used 101967K, committed 102656K, reserved 1138688K
  class space    used 13565K, committed 13888K, reserved 1048576K
}
Event: 9.741 GC heap after
{Heap after GC invocations=46 (full 0):
 garbage-first heap   total 296960K, used 130756K [0x0000000080000000, 0x0000000100000000)
  region size 1024K, 4 young (4096K), 4 survivors (4096K)
 Metaspace       used 101967K, committed 102656K, reserved 1138688K
  class space    used 13565K, committed 13888K, reserved 1048576K
}
Event: 10.070 GC heap before
{Heap before GC invocations=46 (full 0):
 garbage-first heap   total 296960K, used 224964K [0x0000000080000000, 0x0000000100000000)
  region size 1024K, 97 young (99328K), 4 survivors (4096K)
 Metaspace       used 106165K, committed 106816K, reserved 1146880K
  class space    used 13927K, committed 14272K, reserved 1048576K
}
Event: 10.074 GC heap after
{Heap after GC invocations=47 (full 0):
 garbage-first heap   total 296960K, used 135282K [0x0000000080000000, 0x0000000100000000)
  region size 1024K, 9 young (9216K), 9 survivors (9216K)
 Metaspace       used 106165K, committed 106816K, reserved 1146880K
  class space    used 13927K, committed 14272K, reserved 1048576K
}
Event: 10.468 GC heap before
{Heap before GC invocations=47 (full 0):
 garbage-first heap   total 296960K, used 230514K [0x0000000080000000, 0x0000000100000000)
  region size 1024K, 103 young (105472K), 9 survivors (9216K)
 Metaspace       used 108380K, committed 109056K, reserved 1146880K
  class space    used 14176K, committed 14528K, reserved 1048576K
}
Event: 10.472 GC heap after
{Heap after GC invocations=48 (full 0):
 garbage-first heap   total 296960K, used 131787K [0x0000000080000000, 0x0000000100000000)
  region size 1024K, 4 young (4096K), 4 survivors (4096K)
 Metaspace       used 108380K, committed 109056K, reserved 1146880K
  class space    used 14176K, committed 14528K, reserved 1048576K
}
Event: 10.888 GC heap before
{Heap before GC invocations=48 (full 0):
 garbage-first heap   total 296960K, used 235211K [0x0000000080000000, 0x0000000100000000)
  region size 1024K, 106 young (108544K), 4 survivors (4096K)
 Metaspace       used 111356K, committed 112000K, reserved 1146880K
  class space    used 14549K, committed 14848K, reserved 1048576K
}
Event: 10.897 GC heap after
{Heap after GC invocations=49 (full 0):
 garbage-first heap   total 296960K, used 140265K [0x0000000080000000, 0x0000000100000000)
  region size 1024K, 13 young (13312K), 13 survivors (13312K)
 Metaspace       used 111356K, committed 112000K, reserved 1146880K
  class space    used 14549K, committed 14848K, reserved 1048576K
}
Event: 11.258 GC heap before
{Heap before GC invocations=49 (full 0):
 garbage-first heap   total 296960K, used 236521K [0x0000000080000000, 0x0000000100000000)
  region size 1024K, 108 young (110592K), 13 survivors (13312K)
 Metaspace       used 118394K, committed 119104K, reserved 1155072K
  class space    used 15597K, committed 15936K, reserved 1048576K
}
Event: 11.267 GC heap after
{Heap after GC invocations=50 (full 0):
 garbage-first heap   total 296960K, used 150852K [0x0000000080000000, 0x0000000100000000)
  region size 1024K, 11 young (11264K), 11 survivors (11264K)
 Metaspace       used 118394K, committed 119104K, reserved 1155072K
  class space    used 15597K, committed 15936K, reserved 1048576K
}
Event: 11.536 GC heap before
{Heap before GC invocations=50 (full 0):
 garbage-first heap   total 296960K, used 238916K [0x0000000080000000, 0x0000000100000000)
  region size 1024K, 98 young (100352K), 11 survivors (11264K)
 Metaspace       used 125377K, committed 126080K, reserved 1163264K
  class space    used 16918K, committed 17216K, reserved 1048576K
}
Event: 11.545 GC heap after
{Heap after GC invocations=51 (full 0):
 garbage-first heap   total 296960K, used 158242K [0x0000000080000000, 0x0000000100000000)
  region size 1024K, 10 young (10240K), 10 survivors (10240K)
 Metaspace       used 125377K, committed 126080K, reserved 1163264K
  class space    used 16918K, committed 17216K, reserved 1048576K
}
Event: 11.735 GC heap before
{Heap before GC invocations=51 (full 0):
 garbage-first heap   total 296960K, used 240162K [0x0000000080000000, 0x0000000100000000)
  region size 1024K, 91 young (93184K), 10 survivors (10240K)
 Metaspace       used 126138K, committed 126912K, reserved 1163264K
  class space    used 17007K, committed 17344K, reserved 1048576K
}
Event: 11.740 GC heap after
{Heap after GC invocations=52 (full 0):
 garbage-first heap   total 296960K, used 159445K [0x0000000080000000, 0x0000000100000000)
  region size 1024K, 2 young (2048K), 2 survivors (2048K)
 Metaspace       used 126138K, committed 126912K, reserved 1163264K
  class space    used 17007K, committed 17344K, reserved 1048576K
}
Event: 12.008 GC heap before
{Heap before GC invocations=52 (full 0):
 garbage-first heap   total 296960K, used 244437K [0x0000000080000000, 0x0000000100000000)
  region size 1024K, 86 young (88064K), 2 survivors (2048K)
 Metaspace       used 126812K, committed 127488K, reserved 1163264K
  class space    used 17038K, committed 17344K, reserved 1048576K
}

