# JRE version: OpenJDK Runtime Environment (17.0.6) (build 17.0.6+0-b2043.56-9586694)
# Java VM: OpenJDK 64-Bit Server VM (17.0.6+0-b2043.56-9586694, mixed mode, tiered, compressed oops, compressed class ptrs, g1 gc, windows-amd64)
GC Precious Log:
 CPUs: 12 total, 12 available
 Memory: 16147M
 Large Page Support: Disabled
 NUMA Support: Disabled
 Compressed Oops: Enabled (32-bit)
 Heap Region Size: 1M
 Heap Min Capacity: 8M
 Heap Initial Capacity: 254M
 Heap Max Capacity: 2G
 Pre-touch: Disabled
 Parallel Workers: 10
 Concurrent Workers: 3
 Concurrent Refinement Workers: 10
 Periodic GC: Disabled
Heap:
 garbage-first heap   total 260096K, used 98955K [0x0000000080000000, 0x0000000100000000)
  region size 1024K, 1 young (1024K), 1 survivors (1024K)
 Metaspace       used 93124K, committed 93760K, reserved 1130496K
  class space    used 12648K, committed 12928K, reserved 1048576K
GC Heap History (20 events):
Event: 5.207 GC heap after
{Heap after GC invocations=34 (full 0):
 garbage-first heap   total 138240K, used 69752K [0x0000000080000000, 0x0000000100000000)
  region size 1024K, 5 young (5120K), 5 survivors (5120K)
 Metaspace       used 77098K, committed 77696K, reserved 1122304K
  class space    used 10325K, committed 10624K, reserved 1048576K
}
Event: 5.634 GC heap before
{Heap before GC invocations=34 (full 0):
 garbage-first heap   total 138240K, used 110712K [0x0000000080000000, 0x0000000100000000)
  region size 1024K, 45 young (46080K), 5 survivors (5120K)
 Metaspace       used 82260K, committed 82816K, reserved 1122304K
  class space    used 11035K, committed 11328K, reserved 1048576K
}
Event: 5.638 GC heap after
{Heap after GC invocations=35 (full 0):
 garbage-first heap   total 138240K, used 72911K [0x0000000080000000, 0x0000000100000000)
  region size 1024K, 6 young (6144K), 6 survivors (6144K)
 Metaspace       used 82260K, committed 82816K, reserved 1122304K
  class space    used 11035K, committed 11328K, reserved 1048576K
}
Event: 5.856 GC heap before
{Heap before GC invocations=36 (full 0):
 garbage-first heap   total 138240K, used 111823K [0x0000000080000000, 0x0000000100000000)
  region size 1024K, 44 young (45056K), 6 survivors (6144K)
 Metaspace       used 83068K, committed 83648K, reserved 1122304K
  class space    used 11148K, committed 11392K, reserved 1048576K
}
Event: 5.860 GC heap after
{Heap after GC invocations=37 (full 0):
 garbage-first heap   total 138240K, used 78406K [0x0000000080000000, 0x0000000100000000)
  region size 1024K, 6 young (6144K), 6 survivors (6144K)
 Metaspace       used 83068K, committed 83648K, reserved 1122304K
  class space    used 11148K, committed 11392K, reserved 1048576K
}
Event: 6.154 GC heap before
{Heap before GC invocations=37 (full 0):
 garbage-first heap   total 138240K, used 111174K [0x0000000080000000, 0x0000000100000000)
  region size 1024K, 39 young (39936K), 6 survivors (6144K)
 Metaspace       used 86693K, committed 87232K, reserved 1130496K
  class space    used 11675K, committed 11968K, reserved 1048576K
}
Event: 6.159 GC heap after
{Heap after GC invocations=38 (full 0):
 garbage-first heap   total 138240K, used 84310K [0x0000000080000000, 0x0000000100000000)
  region size 1024K, 5 young (5120K), 5 survivors (5120K)
 Metaspace       used 86693K, committed 87232K, reserved 1130496K
  class space    used 11675K, committed 11968K, reserved 1048576K
}
Event: 6.775 GC heap before
{Heap before GC invocations=39 (full 0):
 garbage-first heap   total 147456K, used 110934K [0x0000000080000000, 0x0000000100000000)
  region size 1024K, 32 young (32768K), 5 survivors (5120K)
 Metaspace       used 90477K, committed 91072K, reserved 1130496K
  class space    used 12174K, committed 12416K, reserved 1048576K
}
Event: 6.779 GC heap after
{Heap after GC invocations=40 (full 0):
 garbage-first heap   total 147456K, used 87791K [0x0000000080000000, 0x0000000100000000)
  region size 1024K, 4 young (4096K), 4 survivors (4096K)
 Metaspace       used 90477K, committed 91072K, reserved 1130496K
  class space    used 12174K, committed 12416K, reserved 1048576K
}
Event: 6.878 GC heap before
{Heap before GC invocations=40 (full 0):
 garbage-first heap   total 147456K, used 118511K [0x0000000080000000, 0x0000000100000000)
  region size 1024K, 35 young (35840K), 4 survivors (4096K)
 Metaspace       used 91612K, committed 92288K, reserved 1130496K
  class space    used 12501K, committed 12800K, reserved 1048576K
}
Event: 6.882 GC heap after
{Heap after GC invocations=41 (full 0):
 garbage-first heap   total 147456K, used 90414K [0x0000000080000000, 0x0000000100000000)
  region size 1024K, 3 young (3072K), 3 survivors (3072K)
 Metaspace       used 91612K, committed 92288K, reserved 1130496K
  class space    used 12501K, committed 12800K, reserved 1048576K
}
Event: 7.015 GC heap before
{Heap before GC invocations=42 (full 0):
 garbage-first heap   total 174080K, used 120110K [0x0000000080000000, 0x0000000100000000)
  region size 1024K, 33 young (33792K), 3 survivors (3072K)
 Metaspace       used 91835K, committed 92480K, reserved 1130496K
  class space    used 12509K, committed 12800K, reserved 1048576K
}
Event: 7.019 GC heap after
{Heap after GC invocations=43 (full 0):
 garbage-first heap   total 174080K, used 92014K [0x0000000080000000, 0x0000000100000000)
  region size 1024K, 4 young (4096K), 4 survivors (4096K)
 Metaspace       used 91835K, committed 92480K, reserved 1130496K
  class space    used 12509K, committed 12800K, reserved 1048576K
}
Event: 7.025 GC heap before
{Heap before GC invocations=43 (full 0):
 garbage-first heap   total 174080K, used 95086K [0x0000000080000000, 0x0000000100000000)
  region size 1024K, 8 young (8192K), 4 survivors (4096K)
 Metaspace       used 91849K, committed 92480K, reserved 1130496K
  class space    used 12509K, committed 12800K, reserved 1048576K
}
Event: 7.028 GC heap after
{Heap after GC invocations=44 (full 0):
 garbage-first heap   total 174080K, used 92104K [0x0000000080000000, 0x0000000100000000)
  region size 1024K, 1 young (1024K), 1 survivors (1024K)
 Metaspace       used 91849K, committed 92480K, reserved 1130496K
  class space    used 12509K, committed 12800K, reserved 1048576K
}
Event: 7.268 GC heap before
{Heap before GC invocations=44 (full 0):
 garbage-first heap   total 174080K, used 142280K [0x0000000080000000, 0x0000000100000000)
  region size 1024K, 51 young (52224K), 1 survivors (1024K)
 Metaspace       used 92437K, committed 93056K, reserved 1130496K
  class space    used 12568K, committed 12864K, reserved 1048576K
}
Event: 7.272 GC heap after
{Heap after GC invocations=45 (full 0):
 garbage-first heap   total 174080K, used 95519K [0x0000000080000000, 0x0000000100000000)
  region size 1024K, 5 young (5120K), 5 survivors (5120K)
 Metaspace       used 92437K, committed 93056K, reserved 1130496K
  class space    used 12568K, committed 12864K, reserved 1048576K
}
Event: 7.438 GC heap before
{Heap before GC invocations=46 (full 0):
 garbage-first heap   total 183296K, used 140575K [0x0000000080000000, 0x0000000100000000)
  region size 1024K, 50 young (51200K), 5 survivors (5120K)
 Metaspace       used 92972K, committed 93568K, reserved 1130496K
  class space    used 12628K, committed 12864K, reserved 1048576K
}
Event: 7.441 GC heap after
{Heap after GC invocations=47 (full 0):
 garbage-first heap   total 183296K, used 98865K [0x0000000080000000, 0x0000000100000000)
  region size 1024K, 4 young (4096K), 4 survivors (4096K)
 Metaspace       used 92972K, committed 93568K, reserved 1130496K
  class space    used 12628K, committed 12864K, reserved 1048576K
}
Event: 7.459 GC heap before
{Heap before GC invocations=47 (full 0):
 garbage-first heap   total 183296K, used 101937K [0x0000000080000000, 0x0000000100000000)
  region size 1024K, 8 young (8192K), 4 survivors (4096K)
 Metaspace       used 93124K, committed 93760K, reserved 1130496K
  class space    used 12648K, committed 12928K, reserved 1048576K
}

