# JRE version: OpenJDK Runtime Environment (17.0.6) (build 17.0.6+0-b2043.56-9586694)
# Java VM: OpenJDK 64-Bit Server VM (17.0.6+0-b2043.56-9586694, mixed mode, tiered, compressed oops, compressed class ptrs, g1 gc, windows-amd64)
GC Precious Log:
 CPUs: 12 total, 12 available
 Memory: 16147M
 Large Page Support: Disabled
 NUMA Support: Disabled
 Compressed Oops: Enabled (32-bit)
 Heap Region Size: 1M
 Heap Min Capacity: 8M
 Heap Initial Capacity: 254M
 Heap Max Capacity: 2G
 Pre-touch: Disabled
 Parallel Workers: 10
 Concurrent Workers: 3
 Concurrent Refinement Workers: 10
 Periodic GC: Disabled
Heap:
 garbage-first heap   total 387072K, used 255342K [0x0000000080000000, 0x0000000100000000)
  region size 1024K, 75 young (76800K), 6 survivors (6144K)
 Metaspace       used 145542K, committed 146432K, reserved 1179648K
  class space    used 20386K, committed 20800K, reserved 1048576K
GC Heap History (20 events):
Event: 16.875 GC heap before
{Heap before GC invocations=30 (full 0):
 garbage-first heap   total 165888K, used 112626K [0x0000000080000000, 0x0000000100000000)
  region size 1024K, 8 young (8192K), 6 survivors (6144K)
 Metaspace       used 94325K, committed 94912K, reserved 1138688K
  class space    used 12742K, committed 13056K, reserved 1048576K
}
Event: 16.881 GC heap after
{Heap after GC invocations=31 (full 0):
 garbage-first heap   total 165888K, used 112640K [0x0000000080000000, 0x0000000100000000)
  region size 1024K, 1 young (1024K), 1 survivors (1024K)
 Metaspace       used 94325K, committed 94912K, reserved 1138688K
  class space    used 12742K, committed 13056K, reserved 1048576K
}
Event: 17.086 GC heap before
{Heap before GC invocations=31 (full 0):
 garbage-first heap   total 165888K, used 144384K [0x0000000080000000, 0x0000000100000000)
  region size 1024K, 24 young (24576K), 1 survivors (1024K)
 Metaspace       used 94500K, committed 95104K, reserved 1138688K
  class space    used 12767K, committed 13056K, reserved 1048576K
}
Event: 17.089 GC heap after
{Heap after GC invocations=32 (full 0):
 garbage-first heap   total 165888K, used 115480K [0x0000000080000000, 0x0000000100000000)
  region size 1024K, 2 young (2048K), 2 survivors (2048K)
 Metaspace       used 94500K, committed 95104K, reserved 1138688K
  class space    used 12767K, committed 13056K, reserved 1048576K
}
Event: 17.460 GC heap before
{Heap before GC invocations=33 (full 0):
 garbage-first heap   total 193536K, used 135960K [0x0000000080000000, 0x0000000100000000)
  region size 1024K, 24 young (24576K), 2 survivors (2048K)
 Metaspace       used 96509K, committed 97088K, reserved 1138688K
  class space    used 13031K, committed 13312K, reserved 1048576K
}
Event: 17.462 GC heap after
{Heap after GC invocations=34 (full 0):
 garbage-first heap   total 193536K, used 114142K [0x0000000080000000, 0x0000000100000000)
  region size 1024K, 1 young (1024K), 1 survivors (1024K)
 Metaspace       used 96509K, committed 97088K, reserved 1138688K
  class space    used 13031K, committed 13312K, reserved 1048576K
}
Event: 17.520 GC heap before
{Heap before GC invocations=34 (full 0):
 garbage-first heap   total 193536K, used 122334K [0x0000000080000000, 0x0000000100000000)
  region size 1024K, 9 young (9216K), 1 survivors (1024K)
 Metaspace       used 96512K, committed 97088K, reserved 1138688K
  class space    used 13031K, committed 13312K, reserved 1048576K
}
Event: 17.522 GC heap after
{Heap after GC invocations=35 (full 0):
 garbage-first heap   total 193536K, used 113665K [0x0000000080000000, 0x0000000100000000)
  region size 1024K, 1 young (1024K), 1 survivors (1024K)
 Metaspace       used 96512K, committed 97088K, reserved 1138688K
  class space    used 13031K, committed 13312K, reserved 1048576K
}
Event: 18.311 GC heap before
{Heap before GC invocations=35 (full 0):
 garbage-first heap   total 193536K, used 171009K [0x0000000080000000, 0x0000000100000000)
  region size 1024K, 41 young (41984K), 1 survivors (1024K)
 Metaspace       used 100072K, committed 100736K, reserved 1138688K
  class space    used 13394K, committed 13696K, reserved 1048576K
}
Event: 18.317 GC heap after
{Heap after GC invocations=36 (full 0):
 garbage-first heap   total 387072K, used 116281K [0x0000000080000000, 0x0000000100000000)
  region size 1024K, 3 young (3072K), 3 survivors (3072K)
 Metaspace       used 100072K, committed 100736K, reserved 1138688K
  class space    used 13394K, committed 13696K, reserved 1048576K
}
Event: 20.329 GC heap before
{Heap before GC invocations=36 (full 0):
 garbage-first heap   total 387072K, used 270905K [0x0000000080000000, 0x0000000100000000)
  region size 1024K, 155 young (158720K), 3 survivors (3072K)
 Metaspace       used 108974K, committed 109632K, reserved 1146880K
  class space    used 14404K, committed 14720K, reserved 1048576K
}
Event: 20.341 GC heap after
{Heap after GC invocations=37 (full 0):
 garbage-first heap   total 387072K, used 124621K [0x0000000080000000, 0x0000000100000000)
  region size 1024K, 12 young (12288K), 12 survivors (12288K)
 Metaspace       used 108974K, committed 109632K, reserved 1146880K
  class space    used 14404K, committed 14720K, reserved 1048576K
}
Event: 24.455 GC heap before
{Heap before GC invocations=37 (full 0):
 garbage-first heap   total 387072K, used 300749K [0x0000000080000000, 0x0000000100000000)
  region size 1024K, 185 young (189440K), 12 survivors (12288K)
 Metaspace       used 112860K, committed 113472K, reserved 1155072K
  class space    used 14869K, committed 15168K, reserved 1048576K
}
Event: 24.469 GC heap after
{Heap after GC invocations=38 (full 0):
 garbage-first heap   total 387072K, used 134733K [0x0000000080000000, 0x0000000100000000)
  region size 1024K, 21 young (21504K), 21 survivors (21504K)
 Metaspace       used 112860K, committed 113472K, reserved 1155072K
  class space    used 14869K, committed 15168K, reserved 1048576K
}
Event: 38.816 GC heap before
{Heap before GC invocations=38 (full 0):
 garbage-first heap   total 387072K, used 309837K [0x0000000080000000, 0x0000000100000000)
  region size 1024K, 187 young (191488K), 21 survivors (21504K)
 Metaspace       used 126672K, committed 127488K, reserved 1163264K
  class space    used 16683K, committed 17088K, reserved 1048576K
}
Event: 38.834 GC heap after
{Heap after GC invocations=39 (full 0):
 garbage-first heap   total 387072K, used 145302K [0x0000000080000000, 0x0000000100000000)
  region size 1024K, 19 young (19456K), 19 survivors (19456K)
 Metaspace       used 126672K, committed 127488K, reserved 1163264K
  class space    used 16683K, committed 17088K, reserved 1048576K
}
Event: 39.723 GC heap before
{Heap before GC invocations=39 (full 0):
 garbage-first heap   total 387072K, used 310166K [0x0000000080000000, 0x0000000100000000)
  region size 1024K, 179 young (183296K), 19 survivors (19456K)
 Metaspace       used 138051K, committed 138880K, reserved 1171456K
  class space    used 19074K, committed 19456K, reserved 1048576K
}
Event: 39.742 GC heap after
{Heap after GC invocations=40 (full 0):
 garbage-first heap   total 387072K, used 153923K [0x0000000080000000, 0x0000000100000000)
  region size 1024K, 19 young (19456K), 19 survivors (19456K)
 Metaspace       used 138051K, committed 138880K, reserved 1171456K
  class space    used 19074K, committed 19456K, reserved 1048576K
}
Event: 41.030 GC heap before
{Heap before GC invocations=40 (full 0):
 garbage-first heap   total 387072K, used 313667K [0x0000000080000000, 0x0000000100000000)
  region size 1024K, 173 young (177152K), 19 survivors (19456K)
 Metaspace       used 143520K, committed 144384K, reserved 1179648K
  class space    used 20135K, committed 20544K, reserved 1048576K
}
Event: 41.038 GC heap after
{Heap after GC invocations=41 (full 0):
 garbage-first heap   total 387072K, used 148846K [0x0000000080000000, 0x0000000100000000)
  region size 1024K, 6 young (6144K), 6 survivors (6144K)
 Metaspace       used 143520K, committed 144384K, reserved 1179648K
  class space    used 20135K, committed 20544K, reserved 1048576K
}

