# JRE version: OpenJDK Runtime Environment (17.0.6) (build 17.0.6+0-b2043.56-9586694)
# Java VM: OpenJDK 64-Bit Server VM (17.0.6+0-b2043.56-9586694, mixed mode, tiered, compressed oops, compressed class ptrs, g1 gc, windows-amd64)
GC Precious Log:
 CPUs: 12 total, 12 available
 Memory: 16147M
 Large Page Support: Disabled
 NUMA Support: Disabled
 Compressed Oops: Enabled (32-bit)
 Heap Region Size: 1M
 Heap Min Capacity: 8M
 Heap Initial Capacity: 254M
 Heap Max Capacity: 2G
 Pre-touch: Disabled
 Parallel Workers: 10
 Concurrent Workers: 3
 Concurrent Refinement Workers: 10
 Periodic GC: Disabled
Heap:
 garbage-first heap   total 266240K, used 163671K [0x0000000080000000, 0x0000000100000000)
  region size 1024K, 2 young (2048K), 2 survivors (2048K)
 Metaspace       used 104466K, committed 105024K, reserved 1146880K
  class space    used 14201K, committed 14464K, reserved 1048576K
GC Heap History (20 events):
Event: 7.497 GC heap after
{Heap after GC invocations=23 (full 0):
 garbage-first heap   total 157696K, used 87894K [0x0000000080000000, 0x0000000100000000)
  region size 1024K, 6 young (6144K), 6 survivors (6144K)
 Metaspace       used 90451K, committed 91008K, reserved 1130496K
  class space    used 12161K, committed 12416K, reserved 1048576K
}
Event: 7.627 GC heap before
{Heap before GC invocations=24 (full 0):
 garbage-first heap   total 168960K, used 125782K [0x0000000080000000, 0x0000000100000000)
  region size 1024K, 44 young (45056K), 6 survivors (6144K)
 Metaspace       used 91656K, committed 92288K, reserved 1130496K
  class space    used 12507K, committed 12800K, reserved 1048576K
}
Event: 7.630 GC heap after
{Heap after GC invocations=25 (full 0):
 garbage-first heap   total 168960K, used 90979K [0x0000000080000000, 0x0000000100000000)
  region size 1024K, 3 young (3072K), 3 survivors (3072K)
 Metaspace       used 91656K, committed 92288K, reserved 1130496K
  class space    used 12507K, committed 12800K, reserved 1048576K
}
Event: 7.645 GC heap before
{Heap before GC invocations=25 (full 0):
 garbage-first heap   total 168960K, used 96099K [0x0000000080000000, 0x0000000100000000)
  region size 1024K, 8 young (8192K), 3 survivors (3072K)
 Metaspace       used 91681K, committed 92288K, reserved 1130496K
  class space    used 12507K, committed 12800K, reserved 1048576K
}
Event: 7.647 GC heap after
{Heap after GC invocations=26 (full 0):
 garbage-first heap   total 202752K, used 91160K [0x0000000080000000, 0x0000000100000000)
  region size 1024K, 1 young (1024K), 1 survivors (1024K)
 Metaspace       used 91681K, committed 92288K, reserved 1130496K
  class space    used 12507K, committed 12800K, reserved 1048576K
}
Event: 7.889 GC heap before
{Heap before GC invocations=26 (full 0):
 garbage-first heap   total 202752K, used 161816K [0x0000000080000000, 0x0000000100000000)
  region size 1024K, 71 young (72704K), 1 survivors (1024K)
 Metaspace       used 92393K, committed 92992K, reserved 1130496K
  class space    used 12572K, committed 12864K, reserved 1048576K
}
Event: 7.893 GC heap after
{Heap after GC invocations=27 (full 0):
 garbage-first heap   total 202752K, used 95807K [0x0000000080000000, 0x0000000100000000)
  region size 1024K, 6 young (6144K), 6 survivors (6144K)
 Metaspace       used 92393K, committed 92992K, reserved 1130496K
  class space    used 12572K, committed 12864K, reserved 1048576K
}
Event: 8.171 GC heap before
{Heap before GC invocations=27 (full 0):
 garbage-first heap   total 202752K, used 162367K [0x0000000080000000, 0x0000000100000000)
  region size 1024K, 72 young (73728K), 6 survivors (6144K)
 Metaspace       used 95440K, committed 96064K, reserved 1138688K
  class space    used 13009K, committed 13312K, reserved 1048576K
}
Event: 8.175 GC heap after
{Heap after GC invocations=28 (full 0):
 garbage-first heap   total 202752K, used 100089K [0x0000000080000000, 0x0000000100000000)
  region size 1024K, 5 young (5120K), 5 survivors (5120K)
 Metaspace       used 95440K, committed 96064K, reserved 1138688K
  class space    used 13009K, committed 13312K, reserved 1048576K
}
Event: 8.642 GC heap before
{Heap before GC invocations=28 (full 0):
 garbage-first heap   total 202752K, used 164601K [0x0000000080000000, 0x0000000100000000)
  region size 1024K, 69 young (70656K), 5 survivors (5120K)
 Metaspace       used 99707K, committed 100352K, reserved 1138688K
  class space    used 13569K, committed 13824K, reserved 1048576K
}
Event: 8.648 GC heap after
{Heap after GC invocations=29 (full 0):
 garbage-first heap   total 202752K, used 105355K [0x0000000080000000, 0x0000000100000000)
  region size 1024K, 9 young (9216K), 9 survivors (9216K)
 Metaspace       used 99707K, committed 100352K, reserved 1138688K
  class space    used 13569K, committed 13824K, reserved 1048576K
}
Event: 8.965 GC heap before
{Heap before GC invocations=30 (full 0):
 garbage-first heap   total 202752K, used 178059K [0x0000000080000000, 0x0000000100000000)
  region size 1024K, 69 young (70656K), 9 survivors (9216K)
 Metaspace       used 101986K, committed 102592K, reserved 1138688K
  class space    used 13833K, committed 14144K, reserved 1048576K
}
Event: 8.972 GC heap after
{Heap after GC invocations=31 (full 0):
 garbage-first heap   total 202752K, used 125204K [0x0000000080000000, 0x0000000100000000)
  region size 1024K, 8 young (8192K), 8 survivors (8192K)
 Metaspace       used 101986K, committed 102592K, reserved 1138688K
  class space    used 13833K, committed 14144K, reserved 1048576K
}
Event: 8.988 GC heap before
{Heap before GC invocations=31 (full 0):
 garbage-first heap   total 202752K, used 125204K [0x0000000080000000, 0x0000000100000000)
  region size 1024K, 9 young (9216K), 8 survivors (8192K)
 Metaspace       used 102327K, committed 102976K, reserved 1138688K
  class space    used 13864K, committed 14144K, reserved 1048576K
}
Event: 8.990 GC heap after
{Heap after GC invocations=32 (full 0):
 garbage-first heap   total 202752K, used 125342K [0x0000000080000000, 0x0000000100000000)
  region size 1024K, 1 young (1024K), 1 survivors (1024K)
 Metaspace       used 102327K, committed 102976K, reserved 1138688K
  class space    used 13864K, committed 14144K, reserved 1048576K
}
Event: 9.187 GC heap before
{Heap before GC invocations=32 (full 0):
 garbage-first heap   total 202752K, used 191902K [0x0000000080000000, 0x0000000100000000)
  region size 1024K, 43 young (44032K), 1 survivors (1024K)
 Metaspace       used 104465K, committed 105024K, reserved 1146880K
  class space    used 14201K, committed 14464K, reserved 1048576K
}
Event: 9.192 GC heap after
{Heap after GC invocations=33 (full 0):
 garbage-first heap   total 206848K, used 150485K [0x0000000080000000, 0x0000000100000000)
  region size 1024K, 6 young (6144K), 6 survivors (6144K)
 Metaspace       used 104465K, committed 105024K, reserved 1146880K
  class space    used 14201K, committed 14464K, reserved 1048576K
}
Event: 9.300 GC heap before
{Heap before GC invocations=34 (full 0):
 garbage-first heap   total 266240K, used 173013K [0x0000000080000000, 0x0000000100000000)
  region size 1024K, 27 young (27648K), 6 survivors (6144K)
 Metaspace       used 104466K, committed 105024K, reserved 1146880K
  class space    used 14201K, committed 14464K, reserved 1048576K
}
Event: 9.307 GC heap after
{Heap after GC invocations=35 (full 0):
 garbage-first heap   total 266240K, used 160227K [0x0000000080000000, 0x0000000100000000)
  region size 1024K, 4 young (4096K), 4 survivors (4096K)
 Metaspace       used 104466K, committed 105024K, reserved 1146880K
  class space    used 14201K, committed 14464K, reserved 1048576K
}
Event: 9.348 GC heap before
{Heap before GC invocations=35 (full 0):
 garbage-first heap   total 266240K, used 169443K [0x0000000080000000, 0x0000000100000000)
  region size 1024K, 13 young (13312K), 4 survivors (4096K)
 Metaspace       used 104466K, committed 105024K, reserved 1146880K
  class space    used 14201K, committed 14464K, reserved 1048576K
}

